[2024-12-03 10:00:00] SQLSTATE[HY000]: Login failed for user 'example'.
[2024-12-03 10:05:00] Query failed: SELECT * FROM non_existing_table.
Array
(
    [0] => Array
        (
            [0] => 42000
            [SQLSTATE] => 42000
            [1] => 2812
            [code] => 2812
            [2] => [Microsoft][ODBC Driver 17 for SQL Server][SQL Server]Could not find stored procedure 'GetUserByUsername'.
            [message] => [Microsoft][ODBC Driver 17 for SQL Server][SQL Server]Could not find stored procedure 'GetUserByUsername'.
        )

)
Array
(
    [0] => Array
        (
            [0] => 42000
            [SQLSTATE] => 42000
            [1] => 2812
            [code] => 2812
            [2] => [Microsoft][ODBC Driver 17 for SQL Server][SQL Server]Could not find stored procedure 'GetUserByUsername'.
            [message] => [Microsoft][ODBC Driver 17 for SQL Server][SQL Server]Could not find stored procedure 'GetUserByUsername'.
        )

)
Array
(
    [0] => Array
        (
            [0] => 23000
            [SQLSTATE] => 23000
            [1] => 2627
            [code] => 2627
            [2] => [Microsoft][ODBC Driver 17 for SQL Server][SQL Server]Violation of UNIQUE KEY constraint 'UQ__users__F3DBC572AF218A47'. Cannot insert duplicate key in object 'dbo.users'. The duplicate key value is (Adam).
            [message] => [Microsoft][ODBC Driver 17 for SQL Server][SQL Server]Violation of UNIQUE KEY constraint 'UQ__users__F3DBC572AF218A47'. Cannot insert duplicate key in object 'dbo.users'. The duplicate key value is (Adam).
        )

    [1] => Array
        (
            [0] => 01000
            [SQLSTATE] => 01000
            [1] => 3621
            [code] => 3621
            [2] => [Microsoft][ODBC Driver 17 for SQL Server][SQL Server]The statement has been terminated.
            [message] => [Microsoft][ODBC Driver 17 for SQL Server][SQL Server]The statement has been terminated.
        )

)
Array
(
    [0] => Array
        (
            [0] => 23000
            [SQLSTATE] => 23000
            [1] => 2627
            [code] => 2627
            [2] => [Microsoft][ODBC Driver 17 for SQL Server][SQL Server]Violation of UNIQUE KEY constraint 'UQ__users__F3DBC572AF218A47'. Cannot insert duplicate key in object 'dbo.users'. The duplicate key value is (Adam).
            [message] => [Microsoft][ODBC Driver 17 for SQL Server][SQL Server]Violation of UNIQUE KEY constraint 'UQ__users__F3DBC572AF218A47'. Cannot insert duplicate key in object 'dbo.users'. The duplicate key value is (Adam).
        )

    [1] => Array
        (
            [0] => 01000
            [SQLSTATE] => 01000
            [1] => 3621
            [code] => 3621
            [2] => [Microsoft][ODBC Driver 17 for SQL Server][SQL Server]The statement has been terminated.
            [message] => [Microsoft][ODBC Driver 17 for SQL Server][SQL Server]The statement has been terminated.
        )

)
